/*C11*/SET SCHEMA PUBLIC
INSERT INTO ACCOUNT VALUES(12,'100','Cash',1)
INSERT INTO ACCOUNT VALUES(13,'200','Accounts Payable',2)
INSERT INTO ACCOUNT VALUES(14,'300','Capital',3)
COMMIT
DELETE FROM ACCOUNT WHERE OID=8
INSERT INTO ACCOUNT VALUES(8,'410','Abdiel Jaramillo',2)
DELETE FROM ACCOUNT WHERE OID=9
INSERT INTO ACCOUNT VALUES(9,'420','Thierry Altafulla',2)
DELETE FROM ACCOUNT WHERE OID=10
INSERT INTO ACCOUNT VALUES(10,'430','Carlos',2)
DELETE FROM ACCOUNT WHERE OID=11
INSERT INTO ACCOUNT VALUES(11,'440','Aaron',2)
INSERT INTO ACCOUNT VALUES(15,'400','Revenues',4)
INSERT INTO ACCOUNT VALUES(16,'500','Expenses',5)
COMMIT
/*C13*/SET SCHEMA PUBLIC
DISCONNECT
/*C14*/SET SCHEMA PUBLIC
INSERT INTO ENTRY VALUES(1,'2015-09-07',430,25.0E0,1)
COMMIT
DISCONNECT
/*C15*/SET SCHEMA PUBLIC
DISCONNECT
/*C16*/SET SCHEMA PUBLIC
alter table entry add description varchar(100)\u000d\u000a
DISCONNECT
/*C17*/SET SCHEMA PUBLIC
INSERT INTO ENTRY VALUES(2,'2015-09-08',210,3.0E0,2,'Eduardo solicito 3 para brocha')
COMMIT
DISCONNECT
/*C11*/DELETE FROM ENTRY WHERE OID=1
INSERT INTO ENTRY VALUES(1,'2015-09-07',430,25.0E0,1,'Cobro de renta - Carlos')
COMMIT
DELETE FROM ACCOUNT WHERE OID=4
INSERT INTO ACCOUNT VALUES(17,'510','Miscelaneous',5)
COMMIT
DELETE FROM ENTRY WHERE OID=1
INSERT INTO ENTRY VALUES(1,'2015-09-07',430,25.0E0,1,'Rent  - Carlos')
DELETE FROM ENTRY WHERE OID=2
INSERT INTO ENTRY VALUES(2,'2015-09-08',210,3.0E0,2,'Eduardo - Painting brush')
INSERT INTO ENTRY VALUES(3,'2015-09-12',510,5.0E0,2,'Gas tank')
COMMIT
INSERT INTO ENTRY VALUES(4,'2015-09-07',210,15.0E0,2,'Eduardo - Santo Tomas')
COMMIT
INSERT INTO ENTRY VALUES(5,'2015-09-14',430,25.0E0,1,'Rent - Carlos')
COMMIT
DELETE FROM ACCOUNT WHERE OID=1
INSERT INTO ACCOUNT VALUES(1,'401','Rent',2)
DELETE FROM ACCOUNT WHERE OID=2
INSERT INTO ACCOUNT VALUES(2,'402','Meetings',2)
COMMIT
DELETE FROM ACCOUNT WHERE OID=1
INSERT INTO ACCOUNT VALUES(1,'410','Rent',2)
DELETE FROM ACCOUNT WHERE OID=2
INSERT INTO ACCOUNT VALUES(2,'420','Meetings',2)
DELETE FROM ACCOUNT WHERE OID=8
INSERT INTO ACCOUNT VALUES(8,'4100','Abdiel Jaramillo',2)
DELETE FROM ACCOUNT WHERE OID=9
INSERT INTO ACCOUNT VALUES(9,'4101','Thierry Altafulla',2)
DELETE FROM ACCOUNT WHERE OID=10
INSERT INTO ACCOUNT VALUES(10,'4102','Carlos',2)
DELETE FROM ACCOUNT WHERE OID=11
INSERT INTO ACCOUNT VALUES(11,'4103','Aaron',2)
COMMIT
DELETE FROM ACCOUNT WHERE OID=3
INSERT INTO ACCOUNT VALUES(3,'2100','Eduardo Mascol',1)
COMMIT
DELETE FROM ACCOUNT WHERE OID=1
INSERT INTO ACCOUNT VALUES(1,'4100','Rent',2)
DELETE FROM ACCOUNT WHERE OID=8
INSERT INTO ACCOUNT VALUES(8,'41001','Abdiel Jaramillo',2)
DELETE FROM ACCOUNT WHERE OID=9
INSERT INTO ACCOUNT VALUES(9,'41002','Thierry Altafulla',2)
DELETE FROM ACCOUNT WHERE OID=10
INSERT INTO ACCOUNT VALUES(10,'41003','Carlos',2)
DELETE FROM ACCOUNT WHERE OID=11
INSERT INTO ACCOUNT VALUES(11,'41004','Aaron',2)
COMMIT
DELETE FROM ACCOUNT WHERE OID=2
INSERT INTO ACCOUNT VALUES(2,'4200','Meetings',2)
COMMIT
DELETE FROM ACCOUNT WHERE OID=8
INSERT INTO ACCOUNT VALUES(8,'41100','Abdiel Jaramillo',2)
DELETE FROM ACCOUNT WHERE OID=9
INSERT INTO ACCOUNT VALUES(9,'41200','Thierry Altafulla',2)
DELETE FROM ACCOUNT WHERE OID=10
INSERT INTO ACCOUNT VALUES(10,'41300','Carlos',2)
DELETE FROM ACCOUNT WHERE OID=11
INSERT INTO ACCOUNT VALUES(11,'41400','Aaron',2)
DELETE FROM ACCOUNT WHERE OID=12
INSERT INTO ACCOUNT VALUES(12,'1100','Cash',1)
DELETE FROM ACCOUNT WHERE OID=13
INSERT INTO ACCOUNT VALUES(13,'2100','Accounts Payable',2)
DELETE FROM ACCOUNT WHERE OID=17
INSERT INTO ACCOUNT VALUES(17,'5100','Miscelaneous',5)
COMMIT
DELETE FROM ACCOUNT WHERE OID=1
INSERT INTO ACCOUNT VALUES(1,'410','Rent',2)
DELETE FROM ACCOUNT WHERE OID=2
INSERT INTO ACCOUNT VALUES(2,'420','Meetings',2)
DELETE FROM ACCOUNT WHERE OID=3
INSERT INTO ACCOUNT VALUES(3,'210','Eduardo Mascol',1)
DELETE FROM ACCOUNT WHERE OID=8
INSERT INTO ACCOUNT VALUES(8,'411','Abdiel Jaramillo',2)
DELETE FROM ACCOUNT WHERE OID=9
INSERT INTO ACCOUNT VALUES(9,'412','Thierry Altafulla',2)
DELETE FROM ACCOUNT WHERE OID=10
INSERT INTO ACCOUNT VALUES(10,'413','Carlos',2)
DELETE FROM ACCOUNT WHERE OID=11
INSERT INTO ACCOUNT VALUES(11,'414','Aaron',2)
DELETE FROM ACCOUNT WHERE OID=12
INSERT INTO ACCOUNT VALUES(12,'110','Cash',1)
DELETE FROM ACCOUNT WHERE OID=13
INSERT INTO ACCOUNT VALUES(13,'210','Accounts Payable',2)
INSERT INTO ACCOUNT VALUES(18,'100','Assets',1)
INSERT INTO ACCOUNT VALUES(19,'200','Liabilities',2)
COMMIT
DELETE FROM ENTRY WHERE OID=1
INSERT INTO ENTRY VALUES(1,'2015-09-07',414,25.0E0,1,'Rent  - Carlos')
DELETE FROM ENTRY WHERE OID=2
INSERT INTO ENTRY VALUES(2,'2015-09-08',210,3.0E0,2,'Eduardo - Painting brush')
DELETE FROM ENTRY WHERE OID=5
INSERT INTO ENTRY VALUES(5,'2015-09-14',414,25.0E0,1,'Rent - Carlos')
INSERT INTO ENTRY VALUES(9,'2015-09-03',420,10.0E0,1,'Tuesday meeting')
COMMIT
DELETE FROM ACCOUNT WHERE OID=17
INSERT INTO ACCOUNT VALUES(17,'510','Miscelaneous',5)
COMMIT
INSERT INTO ENTRY VALUES(10,'2015-09-05',420,5.0E0,1,'Thursday meeting')
COMMIT
DELETE FROM ENTRY WHERE OID=9
INSERT INTO ENTRY VALUES(9,'2015-09-01',420,10.0E0,1,'Tuesday meeting')
INSERT INTO ENTRY VALUES(11,'2015-09-09',210,15.0E0,2,'Eduardo  - Adelanto')
INSERT INTO ENTRY VALUES(12,'2015-09-04',210,15.0E0,2,'Eduardo - Santo Tomas')
INSERT INTO ENTRY VALUES(13,'2015-09-08',420,6.0E0,1,'Thursday meeting')
COMMIT
INSERT INTO ENTRY VALUES(14,'2015-09-15',420,7.0E0,1,'Tuesday meeting')
COMMIT
DELETE FROM ENTRY WHERE OID=13
COMMIT
INSERT INTO ENTRY VALUES(15,'2015-09-15',411,140.0E0,1,'Rent - Abdiel')
INSERT INTO ENTRY VALUES(16,'2015-09-15',412,175.0E0,1,'Rent - Thierry')
COMMIT
/*C18*/SET SCHEMA PUBLIC
DISCONNECT
/*C19*/SET SCHEMA PUBLIC
DISCONNECT
/*C11*/DELETE FROM ENTRY WHERE OID=11
INSERT INTO ENTRY VALUES(11,'2015-09-09',210,15.0E0,2,'Eduardo  - Cash advance')
INSERT INTO ENTRY VALUES(17,'2015-09-15',211,315.0E0,2,'Eduardo - Salary - cash advance')
COMMIT
/*C20*/SET SCHEMA PUBLIC
DISCONNECT
/*C11*/INSERT INTO ENTRY VALUES(18,'2015-09-07',211,3.0E0,2,'Eduardo - cash advance from Carlos rent')
COMMIT
/*C21*/SET SCHEMA PUBLIC
DISCONNECT
/*C11*/DELETE FROM ACCOUNT WHERE OID=3
INSERT INTO ACCOUNT VALUES(3,'211','Eduardo Mascol',1)
COMMIT
DELETE FROM ACCOUNT WHERE OID=1
INSERT INTO ACCOUNT VALUES(1,'410','Rent',4)
DELETE FROM ACCOUNT WHERE OID=2
INSERT INTO ACCOUNT VALUES(2,'420','Meetings',4)
DELETE FROM ACCOUNT WHERE OID=3
INSERT INTO ACCOUNT VALUES(3,'211','Eduardo Mascol',2)
DELETE FROM ACCOUNT WHERE OID=8
INSERT INTO ACCOUNT VALUES(8,'411','Abdiel Jaramillo',4)
DELETE FROM ACCOUNT WHERE OID=9
INSERT INTO ACCOUNT VALUES(9,'412','Thierry Altafulla',4)
DELETE FROM ACCOUNT WHERE OID=10
INSERT INTO ACCOUNT VALUES(10,'413','Carlos',4)
DELETE FROM ACCOUNT WHERE OID=11
INSERT INTO ACCOUNT VALUES(11,'414','Aaron',4)
COMMIT
DELETE FROM ENTRY WHERE OID=18
INSERT INTO ENTRY VALUES(18,'2015-09-07',211,3.0E0,2,'Eduardo - Cash advance from Carlos rent')
INSERT INTO ENTRY VALUES(19,'2015-09-01',414,25.0E0,1,'Rent - Carlos')
COMMIT
/*C22*/SET SCHEMA PUBLIC
DISCONNECT
/*C23*/SET SCHEMA PUBLIC
DISCONNECT
/*C24*/SET SCHEMA PUBLIC
DISCONNECT
/*C11*/DISCONNECT
/*C12*/SET SCHEMA PUBLIC
DISCONNECT
